# JRE version: OpenJDK Runtime Environment (7.0_75-b13) (build 1.7.0_75-b13)
# Java VM: OpenJDK 64-Bit Server VM (24.75-b04 mixed mode linux-amd64 compressed oops)
Heap
 par new generation   total 39296K, used 36678K [0x00000000bb400000, 0x00000000bdea0000, 0x00000000cae00000)
  eden space 34944K,  92% used [0x00000000bb400000, 0x00000000bd3919c8, 0x00000000bd620000)
  from space 4352K, 100% used [0x00000000bda60000, 0x00000000bdea0000, 0x00000000bdea0000)
  to   space 4352K,   0% used [0x00000000bd620000, 0x00000000bd620000, 0x00000000bda60000)
 concurrent mark-sweep generation total 87424K, used 39913K [0x00000000cae00000, 0x00000000d0360000, 0x00000000ea200000)
 concurrent-mark-sweep perm gen total 126604K, used 86240K [0x00000000ea200000, 0x00000000f1da3000, 0x0000000100000000)
GC Heap History (10 events):
Event: 431,102 GC heap before
{Heap before GC invocations=14 (full 0):
 par new generation   total 39296K, used 39296K [0x00000000bb400000, 0x00000000bdea0000, 0x00000000cae00000)
  eden space 34944K, 100% used [0x00000000bb400000, 0x00000000bd620000, 0x00000000bd620000)
  from space 4352K, 100% used [0x00000000bd620000, 0x00000000bda60000, 0x00000000bda60000)
  to   space 4352K,   0% used [0x00000000bda60000, 0x00000000bda60000, 0x00000000bdea0000)
 concurrent mark-sweep generation total 87424K, used 40661K [0x00000000cae00000, 0x00000000d0360000, 0x00000000ea200000)
 concurrent-mark-sweep perm gen total 72512K, used 72348K [0x00000000ea200000, 0x00000000ee8d0000, 0x0000000100000000)
Event: 431,132 GC heap after
Heap after GC invocations=15 (full 0):
 par new generation   total 39296K, used 3959K [0x00000000bb400000, 0x00000000bdea0000, 0x00000000cae00000)
  eden space 34944K,   0% used [0x00000000bb400000, 0x00000000bb400000, 0x00000000bd620000)
  from space 4352K,  90% used [0x00000000bda60000, 0x00000000bde3dc88, 0x00000000bdea0000)
  to   space 4352K,   0% used [0x00000000bd620000, 0x00000000bd620000, 0x00000000bda60000)
 concurrent mark-sweep generation total 87424K, used 42757K [0x00000000cae00000, 0x00000000d0360000, 0x00000000ea200000)
 concurrent-mark-sweep perm gen total 72512K, used 72348K [0x00000000ea200000, 0x00000000ee8d0000, 0x0000000100000000)
}
Event: 456,255 GC heap before
{Heap before GC invocations=15 (full 0):
 par new generation   total 39296K, used 38899K [0x00000000bb400000, 0x00000000bdea0000, 0x00000000cae00000)
  eden space 34944K,  99% used [0x00000000bb400000, 0x00000000bd61f080, 0x00000000bd620000)
  from space 4352K,  90% used [0x00000000bda60000, 0x00000000bde3dc88, 0x00000000bdea0000)
  to   space 4352K,   0% used [0x00000000bd620000, 0x00000000bd620000, 0x00000000bda60000)
 concurrent mark-sweep generation total 87424K, used 42757K [0x00000000cae00000, 0x00000000d0360000, 0x00000000ea200000)
 concurrent-mark-sweep perm gen total 76160K, used 75942K [0x00000000ea200000, 0x00000000eec60000, 0x0000000100000000)
Event: 456,290 GC heap after
Heap after GC invocations=16 (full 0):
 par new generation   total 39296K, used 4352K [0x00000000bb400000, 0x00000000bdea0000, 0x00000000cae00000)
  eden space 34944K,   0% used [0x00000000bb400000, 0x00000000bb400000, 0x00000000bd620000)
  from space 4352K, 100% used [0x00000000bd620000, 0x00000000bda60000, 0x00000000bda60000)
  to   space 4352K,   0% used [0x00000000bda60000, 0x00000000bda60000, 0x00000000bdea0000)
 concurrent mark-sweep generation total 87424K, used 47087K [0x00000000cae00000, 0x00000000d0360000, 0x00000000ea200000)
 concurrent-mark-sweep perm gen total 76160K, used 75942K [0x00000000ea200000, 0x00000000eec60000, 0x0000000100000000)
}
Event: 470,348 GC heap before
{Heap before GC invocations=16 (full 1):
 par new generation   total 39296K, used 39296K [0x00000000bb400000, 0x00000000bdea0000, 0x00000000cae00000)
  eden space 34944K, 100% used [0x00000000bb400000, 0x00000000bd620000, 0x00000000bd620000)
  from space 4352K, 100% used [0x00000000bd620000, 0x00000000bda60000, 0x00000000bda60000)
  to   space 4352K,   0% used [0x00000000bda60000, 0x00000000bda60000, 0x00000000bdea0000)
 concurrent mark-sweep generation total 87424K, used 33834K [0x00000000cae00000, 0x00000000d0360000, 0x00000000ea200000)
 concurrent-mark-sweep perm gen total 126604K, used 77030K [0x00000000ea200000, 0x00000000f1da3000, 0x0000000100000000)
Event: 470,371 GC heap after
Heap after GC invocations=17 (full 1):
 par new generation   total 39296K, used 3918K [0x00000000bb400000, 0x00000000bdea0000, 0x00000000cae00000)
  eden space 34944K,   0% used [0x00000000bb400000, 0x00000000bb400000, 0x00000000bd620000)
  from space 4352K,  90% used [0x00000000bda60000, 0x00000000bde339e0, 0x00000000bdea0000)
  to   space 4352K,   0% used [0x00000000bd620000, 0x00000000bd620000, 0x00000000bda60000)
 concurrent mark-sweep generation total 87424K, used 37788K [0x00000000cae00000, 0x00000000d0360000, 0x00000000ea200000)
 concurrent-mark-sweep perm gen total 126604K, used 77030K [0x00000000ea200000, 0x00000000f1da3000, 0x0000000100000000)
}
Event: 490,520 GC heap before
{Heap before GC invocations=17 (full 1):
 par new generation   total 39296K, used 38862K [0x00000000bb400000, 0x00000000bdea0000, 0x00000000cae00000)
  eden space 34944K, 100% used [0x00000000bb400000, 0x00000000bd620000, 0x00000000bd620000)
  from space 4352K,  90% used [0x00000000bda60000, 0x00000000bde33a00, 0x00000000bdea0000)
  to   space 4352K,   0% used [0x00000000bd620000, 0x00000000bd620000, 0x00000000bda60000)
 concurrent mark-sweep generation total 87424K, used 37788K [0x00000000cae00000, 0x00000000d0360000, 0x00000000ea200000)
 concurrent-mark-sweep perm gen total 126604K, used 78972K [0x00000000ea200000, 0x00000000f1da3000, 0x0000000100000000)
Event: 490,535 GC heap after
Heap after GC invocations=18 (full 1):
 par new generation   total 39296K, used 4115K [0x00000000bb400000, 0x00000000bdea0000, 0x00000000cae00000)
  eden space 34944K,   0% used [0x00000000bb400000, 0x00000000bb400000, 0x00000000bd620000)
  from space 4352K,  94% used [0x00000000bd620000, 0x00000000bda24d20, 0x00000000bda60000)
  to   space 4352K,   0% used [0x00000000bda60000, 0x00000000bda60000, 0x00000000bdea0000)
 concurrent mark-sweep generation total 87424K, used 37788K [0x00000000cae00000, 0x00000000d0360000, 0x00000000ea200000)
 concurrent-mark-sweep perm gen total 126604K, used 78972K [0x00000000ea200000, 0x00000000f1da3000, 0x0000000100000000)
}
Event: 513,500 GC heap before
{Heap before GC invocations=18 (full 1):
 par new generation   total 39296K, used 39059K [0x00000000bb400000, 0x00000000bdea0000, 0x00000000cae00000)
  eden space 34944K, 100% used [0x00000000bb400000, 0x00000000bd620000, 0x00000000bd620000)
  from space 4352K,  94% used [0x00000000bd620000, 0x00000000bda24d20, 0x00000000bda60000)
  to   space 4352K,   0% used [0x00000000bda60000, 0x00000000bda60000, 0x00000000bdea0000)
 concurrent mark-sweep generation total 87424K, used 37788K [0x00000000cae00000, 0x00000000d0360000, 0x00000000ea200000)
 concurrent-mark-sweep perm gen total 126604K, used 85972K [0x00000000ea200000, 0x00000000f1da3000, 0x0000000100000000)
Event: 513,525 GC heap after
Heap after GC invocations=19 (full 1):
 par new generation   total 39296K, used 4352K [0x00000000bb400000, 0x00000000bdea0000, 0x00000000cae00000)
  eden space 34944K,   0% used [0x00000000bb400000, 0x00000000bb400000, 0x00000000bd620000)
  from space 4352K, 100% used [0x00000000bda60000, 0x00000000bdea0000, 0x00000000bdea0000)
  to   space 4352K,   0% used [0x00000000bd620000, 0x00000000bd620000, 0x00000000bda60000)
 concurrent mark-sweep generation total 87424K, used 39913K [0x00000000cae00000, 0x00000000d0360000, 0x00000000ea200000)
 concurrent-mark-sweep perm gen total 126604K, used 85972K [0x00000000ea200000, 0x00000000f1da3000, 0x0000000100000000)
}

