# JRE version: OpenJDK Runtime Environment (7.0_75-b13) (build 1.7.0_75-b13)
# Java VM: OpenJDK 64-Bit Server VM (24.75-b04 mixed mode linux-amd64 compressed oops)
Heap
 par new generation   total 39296K, used 7886K [0x00000000bb400000, 0x00000000bdea0000, 0x00000000cae00000)
  eden space 34944K,  21% used [0x00000000bb400000, 0x00000000bbb55f58, 0x00000000bd620000)
  from space 4352K,   8% used [0x00000000bda60000, 0x00000000bdabdbc0, 0x00000000bdea0000)
  to   space 4352K,   0% used [0x00000000bd620000, 0x00000000bd620000, 0x00000000bda60000)
 concurrent mark-sweep generation total 87424K, used 71819K [0x00000000cae00000, 0x00000000d0360000, 0x00000000ea200000)
 concurrent-mark-sweep perm gen total 123272K, used 87075K [0x00000000ea200000, 0x00000000f1a62000, 0x0000000100000000)
GC Heap History (10 events):
Event: 54812,404 GC heap before
{Heap before GC invocations=48 (full 1):
 par new generation   total 39296K, used 35346K [0x00000000bb400000, 0x00000000bdea0000, 0x00000000cae00000)
  eden space 34944K, 100% used [0x00000000bb400000, 0x00000000bd620000, 0x00000000bd620000)
  from space 4352K,   9% used [0x00000000bd620000, 0x00000000bd684b48, 0x00000000bda60000)
  to   space 4352K,   0% used [0x00000000bda60000, 0x00000000bda60000, 0x00000000bdea0000)
 concurrent mark-sweep generation total 87424K, used 71607K [0x00000000cae00000, 0x00000000d0360000, 0x00000000ea200000)
 concurrent-mark-sweep perm gen total 123272K, used 87066K [0x00000000ea200000, 0x00000000f1a62000, 0x0000000100000000)
Event: 54812,419 GC heap after
Heap after GC invocations=49 (full 1):
 par new generation   total 39296K, used 480K [0x00000000bb400000, 0x00000000bdea0000, 0x00000000cae00000)
  eden space 34944K,   0% used [0x00000000bb400000, 0x00000000bb400000, 0x00000000bd620000)
  from space 4352K,  11% used [0x00000000bda60000, 0x00000000bdad83e8, 0x00000000bdea0000)
  to   space 4352K,   0% used [0x00000000bd620000, 0x00000000bd620000, 0x00000000bda60000)
 concurrent mark-sweep generation total 87424K, used 71649K [0x00000000cae00000, 0x00000000d0360000, 0x00000000ea200000)
 concurrent-mark-sweep perm gen total 123272K, used 87066K [0x00000000ea200000, 0x00000000f1a62000, 0x0000000100000000)
}
Event: 56573,749 GC heap before
{Heap before GC invocations=49 (full 1):
 par new generation   total 39296K, used 35424K [0x00000000bb400000, 0x00000000bdea0000, 0x00000000cae00000)
  eden space 34944K, 100% used [0x00000000bb400000, 0x00000000bd620000, 0x00000000bd620000)
  from space 4352K,  11% used [0x00000000bda60000, 0x00000000bdad83e8, 0x00000000bdea0000)
  to   space 4352K,   0% used [0x00000000bd620000, 0x00000000bd620000, 0x00000000bda60000)
 concurrent mark-sweep generation total 87424K, used 71649K [0x00000000cae00000, 0x00000000d0360000, 0x00000000ea200000)
 concurrent-mark-sweep perm gen total 123272K, used 87066K [0x00000000ea200000, 0x00000000f1a62000, 0x0000000100000000)
Event: 56573,762 GC heap after
Heap after GC invocations=50 (full 1):
 par new generation   total 39296K, used 446K [0x00000000bb400000, 0x00000000bdea0000, 0x00000000cae00000)
  eden space 34944K,   0% used [0x00000000bb400000, 0x00000000bb400000, 0x00000000bd620000)
  from space 4352K,  10% used [0x00000000bd620000, 0x00000000bd68fb70, 0x00000000bda60000)
  to   space 4352K,   0% used [0x00000000bda60000, 0x00000000bda60000, 0x00000000bdea0000)
 concurrent mark-sweep generation total 87424K, used 71690K [0x00000000cae00000, 0x00000000d0360000, 0x00000000ea200000)
 concurrent-mark-sweep perm gen total 123272K, used 87066K [0x00000000ea200000, 0x00000000f1a62000, 0x0000000100000000)
}
Event: 58329,093 GC heap before
{Heap before GC invocations=50 (full 1):
 par new generation   total 39296K, used 35390K [0x00000000bb400000, 0x00000000bdea0000, 0x00000000cae00000)
  eden space 34944K, 100% used [0x00000000bb400000, 0x00000000bd620000, 0x00000000bd620000)
  from space 4352K,  10% used [0x00000000bd620000, 0x00000000bd68fb70, 0x00000000bda60000)
  to   space 4352K,   0% used [0x00000000bda60000, 0x00000000bda60000, 0x00000000bdea0000)
 concurrent mark-sweep generation total 87424K, used 71690K [0x00000000cae00000, 0x00000000d0360000, 0x00000000ea200000)
 concurrent-mark-sweep perm gen total 123272K, used 87066K [0x00000000ea200000, 0x00000000f1a62000, 0x0000000100000000)
Event: 58329,105 GC heap after
Heap after GC invocations=51 (full 1):
 par new generation   total 39296K, used 465K [0x00000000bb400000, 0x00000000bdea0000, 0x00000000cae00000)
  eden space 34944K,   0% used [0x00000000bb400000, 0x00000000bb400000, 0x00000000bd620000)
  from space 4352K,  10% used [0x00000000bda60000, 0x00000000bdad47b0, 0x00000000bdea0000)
  to   space 4352K,   0% used [0x00000000bd620000, 0x00000000bd620000, 0x00000000bda60000)
 concurrent mark-sweep generation total 87424K, used 71734K [0x00000000cae00000, 0x00000000d0360000, 0x00000000ea200000)
 concurrent-mark-sweep perm gen total 123272K, used 87066K [0x00000000ea200000, 0x00000000f1a62000, 0x0000000100000000)
}
Event: 60143,511 GC heap before
{Heap before GC invocations=51 (full 1):
 par new generation   total 39296K, used 35409K [0x00000000bb400000, 0x00000000bdea0000, 0x00000000cae00000)
  eden space 34944K, 100% used [0x00000000bb400000, 0x00000000bd620000, 0x00000000bd620000)
  from space 4352K,  10% used [0x00000000bda60000, 0x00000000bdad47b0, 0x00000000bdea0000)
  to   space 4352K,   0% used [0x00000000bd620000, 0x00000000bd620000, 0x00000000bda60000)
 concurrent mark-sweep generation total 87424K, used 71734K [0x00000000cae00000, 0x00000000d0360000, 0x00000000ea200000)
 concurrent-mark-sweep perm gen total 123272K, used 87066K [0x00000000ea200000, 0x00000000f1a62000, 0x0000000100000000)
Event: 60143,522 GC heap after
Heap after GC invocations=52 (full 1):
 par new generation   total 39296K, used 518K [0x00000000bb400000, 0x00000000bdea0000, 0x00000000cae00000)
  eden space 34944K,   0% used [0x00000000bb400000, 0x00000000bb400000, 0x00000000bd620000)
  from space 4352K,  11% used [0x00000000bd620000, 0x00000000bd6a18a8, 0x00000000bda60000)
  to   space 4352K,   0% used [0x00000000bda60000, 0x00000000bda60000, 0x00000000bdea0000)
 concurrent mark-sweep generation total 87424K, used 71777K [0x00000000cae00000, 0x00000000d0360000, 0x00000000ea200000)
 concurrent-mark-sweep perm gen total 123272K, used 87066K [0x00000000ea200000, 0x00000000f1a62000, 0x0000000100000000)
}
Event: 61909,053 GC heap before
{Heap before GC invocations=52 (full 1):
 par new generation   total 39296K, used 35453K [0x00000000bb400000, 0x00000000bdea0000, 0x00000000cae00000)
  eden space 34944K,  99% used [0x00000000bb400000, 0x00000000bd61dbc8, 0x00000000bd620000)
  from space 4352K,  11% used [0x00000000bd620000, 0x00000000bd6a18a8, 0x00000000bda60000)
  to   space 4352K,   0% used [0x00000000bda60000, 0x00000000bda60000, 0x00000000bdea0000)
 concurrent mark-sweep generation total 87424K, used 71777K [0x00000000cae00000, 0x00000000d0360000, 0x00000000ea200000)
 concurrent-mark-sweep perm gen total 123272K, used 87066K [0x00000000ea200000, 0x00000000f1a62000, 0x0000000100000000)
Event: 61909,066 GC heap after
Heap after GC invocations=53 (full 1):
 par new generation   total 39296K, used 374K [0x00000000bb400000, 0x00000000bdea0000, 0x00000000cae00000)
  eden space 34944K,   0% used [0x00000000bb400000, 0x00000000bb400000, 0x00000000bd620000)
  from space 4352K,   8% used [0x00000000bda60000, 0x00000000bdabdbc0, 0x00000000bdea0000)
  to   space 4352K,   0% used [0x00000000bd620000, 0x00000000bd620000, 0x00000000bda60000)
 concurrent mark-sweep generation total 87424K, used 71819K [0x00000000cae00000, 0x00000000d0360000, 0x00000000ea200000)
 concurrent-mark-sweep perm gen total 123272K, used 87066K [0x00000000ea200000, 0x00000000f1a62000, 0x0000000100000000)
}

